<?xml version="1.0" encoding="UTF-8"?>
<!-- Generated by org.testng.reporters.JUnitReportReporter -->
<testsuite hostname="LAPTOP-AFL2DQE6" failures="0" tests="1" name="org.example.Parameters" time="8.892" errors="0" timestamp="2023-05-11T10:53:49 IST" skipped="0">
  <testcase classname="org.example.Parameters" name="testparameters" time="8.892"/>
  <system-out/>
</testsuite> <!-- org.example.Parameters -->
